0 info it worked if it ends with ok
1 verbose cli [ '/usr/bin/node', '/usr/bin/npm', 'install', '-g', 'mocha' ]
2 info using npm@1.4.28
3 info using node@v0.10.37
4 verbose node symlink /usr/bin/node
5 verbose cache add [ 'mocha', null ]
6 verbose cache add name=undefined spec="mocha" args=["mocha",null]
7 verbose parsed url { protocol: null,
7 verbose parsed url   slashes: null,
7 verbose parsed url   auth: null,
7 verbose parsed url   host: null,
7 verbose parsed url   port: null,
7 verbose parsed url   hostname: null,
7 verbose parsed url   hash: null,
7 verbose parsed url   search: null,
7 verbose parsed url   query: null,
7 verbose parsed url   pathname: 'mocha',
7 verbose parsed url   path: 'mocha',
7 verbose parsed url   href: 'mocha' }
8 silly lockFile a619da43-mocha mocha
9 verbose lock mocha /home/niole/.npm/a619da43-mocha.lock
10 silly lockFile a619da43-mocha mocha
11 silly lockFile a619da43-mocha mocha
12 verbose addNamed [ 'mocha', '' ]
13 verbose addNamed [ null, '*' ]
14 silly lockFile b9899f31-mocha mocha@
15 verbose lock mocha@ /home/niole/.npm/b9899f31-mocha.lock
16 silly addNameRange { name: 'mocha', range: '*', hasData: false }
17 verbose request where is /mocha
18 verbose request registry https://registry.npmjs.org/
19 verbose request id cddbd31ecb67b46b
20 verbose url raw /mocha
21 verbose url resolving [ 'https://registry.npmjs.org/', './mocha' ]
22 verbose url resolved https://registry.npmjs.org/mocha
23 verbose request where is https://registry.npmjs.org/mocha
24 info trying registry request attempt 1 at 15:51:32
25 verbose etag "8BPH9NK0DCD4T2FQ5H3FKN4GZ"
26 http GET https://registry.npmjs.org/mocha
27 http 200 https://registry.npmjs.org/mocha
28 silly registry.get cb [ 200,
28 silly registry.get   { server: 'CouchDB/1.5.0 (Erlang OTP/R16B03)',
28 silly registry.get     etag: '"CG7331XNYDOJUGM7O96WJITF9"',
28 silly registry.get     'content-type': 'application/json',
28 silly registry.get     'cache-control': 'max-age=60',
28 silly registry.get     'content-length': '112733',
28 silly registry.get     'accept-ranges': 'bytes',
28 silly registry.get     date: 'Sat, 30 May 2015 19:51:32 GMT',
28 silly registry.get     via: '1.1 varnish',
28 silly registry.get     age: '28',
28 silly registry.get     connection: 'keep-alive',
28 silly registry.get     'x-served-by': 'cache-jfk1025-JFK',
28 silly registry.get     'x-cache': 'HIT',
28 silly registry.get     'x-cache-hits': '1',
28 silly registry.get     'x-timer': 'S1433015492.419664,VS0,VE0',
28 silly registry.get     vary: 'Accept' } ]
29 silly addNameRange number 2 { name: 'mocha', range: '*', hasData: true }
30 silly addNameRange versions [ 'mocha',
30 silly addNameRange   [ '0.0.1-alpha1',
30 silly addNameRange     '0.0.1-alpha2',
30 silly addNameRange     '0.0.1-alpha3',
30 silly addNameRange     '0.0.1-alpha4',
30 silly addNameRange     '0.0.1-alpha5',
30 silly addNameRange     '0.0.1-alpha6',
30 silly addNameRange     '0.0.1',
30 silly addNameRange     '0.0.2',
30 silly addNameRange     '0.0.3',
30 silly addNameRange     '0.0.4',
30 silly addNameRange     '0.0.5',
30 silly addNameRange     '0.0.6',
30 silly addNameRange     '0.0.7',
30 silly addNameRange     '0.0.8',
30 silly addNameRange     '0.1.0',
30 silly addNameRange     '0.2.0',
30 silly addNameRange     '0.3.0',
30 silly addNameRange     '0.3.1',
30 silly addNameRange     '0.3.2',
30 silly addNameRange     '0.3.3',
30 silly addNameRange     '0.3.4',
30 silly addNameRange     '0.3.6',
30 silly addNameRange     '0.4.0',
30 silly addNameRange     '0.5.0',
30 silly addNameRange     '0.6.0',
30 silly addNameRange     '0.7.0',
30 silly addNameRange     '0.7.1',
30 silly addNameRange     '0.8.0',
30 silly addNameRange     '0.8.1',
30 silly addNameRange     '0.9.0',
30 silly addNameRange     '0.10.0',
30 silly addNameRange     '0.10.1',
30 silly addNameRange     '0.10.2',
30 silly addNameRange     '0.11.0',
30 silly addNameRange     '0.12.0',
30 silly addNameRange     '0.12.1',
30 silly addNameRange     '0.13.0',
30 silly addNameRange     '0.14.0',
30 silly addNameRange     '0.14.1',
30 silly addNameRange     '1.0.0',
30 silly addNameRange     '1.0.1',
30 silly addNameRange     '1.0.2',
30 silly addNameRange     '1.0.3',
30 silly addNameRange     '1.1.0',
30 silly addNameRange     '1.2.0',
30 silly addNameRange     '1.2.1',
30 silly addNameRange     '1.2.2',
30 silly addNameRange     '1.3.0',
30 silly addNameRange     '1.3.1',
30 silly addNameRange     '1.3.2',
30 silly addNameRange     '1.4.0',
30 silly addNameRange     '1.4.1',
30 silly addNameRange     '1.4.2',
30 silly addNameRange     '1.4.3',
30 silly addNameRange     '1.5.0',
30 silly addNameRange     '1.6.0',
30 silly addNameRange     '1.7.0',
30 silly addNameRange     '1.7.1',
30 silly addNameRange     '1.7.2',
30 silly addNameRange     '1.7.3',
30 silly addNameRange     '1.7.4',
30 silly addNameRange     '1.8.0',
30 silly addNameRange     '1.8.1',
30 silly addNameRange     '1.8.2',
30 silly addNameRange     '1.9.0',
30 silly addNameRange     '1.10.0',
30 silly addNameRange     '1.11.0',
30 silly addNameRange     '1.12.0',
30 silly addNameRange     '1.12.1',
30 silly addNameRange     '1.13.0',
30 silly addNameRange     '1.14.0',
30 silly addNameRange     '1.15.0',
30 silly addNameRange     '1.15.1',
30 silly addNameRange     '1.16.0',
30 silly addNameRange     '1.16.1',
30 silly addNameRange     '1.16.2',
30 silly addNameRange     '1.17.0',
30 silly addNameRange     '1.17.1',
30 silly addNameRange     '1.18.0',
30 silly addNameRange     '1.18.1',
30 silly addNameRange     '1.18.2',
30 silly addNameRange     '1.19.0',
30 silly addNameRange     '1.20.0',
30 silly addNameRange     '1.20.1',
30 silly addNameRange     '1.21.0',
30 silly addNameRange     '1.21.1',
30 silly addNameRange     '1.21.2',
30 silly addNameRange     '1.21.3',
30 silly addNameRange     '1.21.4',
30 silly addNameRange     '1.21.5',
30 silly addNameRange     '2.0.0',
30 silly addNameRange     '2.0.1',
30 silly addNameRange     '2.1.0',
30 silly addNameRange     '2.2.0',
30 silly addNameRange     '2.2.1',
30 silly addNameRange     '2.2.3',
30 silly addNameRange     '2.2.4',
30 silly addNameRange     '2.2.5' ] ]
31 verbose addNamed [ 'mocha', '2.2.5' ]
32 verbose addNamed [ '2.2.5', '2.2.5' ]
33 silly lockFile 7cbd0d39-mocha-2-2-5 mocha@2.2.5
34 verbose lock mocha@2.2.5 /home/niole/.npm/7cbd0d39-mocha-2-2-5.lock
35 silly lockFile 0c535a9d--npmjs-org-mocha-mocha-2-2-5-tgz https://registry.npmjs.org/mocha/-/mocha-2.2.5.tgz
36 verbose lock https://registry.npmjs.org/mocha/-/mocha-2.2.5.tgz /home/niole/.npm/0c535a9d--npmjs-org-mocha-mocha-2-2-5-tgz.lock
37 verbose addRemoteTarball [ 'https://registry.npmjs.org/mocha/-/mocha-2.2.5.tgz',
37 verbose addRemoteTarball   'd3b72a4fe49ec9439353f1ac893dbc430d993140' ]
38 info retry fetch attempt 1 at 15:51:32
39 verbose fetch to= /tmp/niole/npm-3914-nm4ognM_/registry.npmjs.org/mocha/-/mocha-2.2.5.tgz
40 http GET https://registry.npmjs.org/mocha/-/mocha-2.2.5.tgz
41 http 200 https://registry.npmjs.org/mocha/-/mocha-2.2.5.tgz
42 silly lockFile 0c535a9d--npmjs-org-mocha-mocha-2-2-5-tgz https://registry.npmjs.org/mocha/-/mocha-2.2.5.tgz
43 silly lockFile 0c535a9d--npmjs-org-mocha-mocha-2-2-5-tgz https://registry.npmjs.org/mocha/-/mocha-2.2.5.tgz
44 silly lockFile 7cbd0d39-mocha-2-2-5 mocha@2.2.5
45 silly lockFile 7cbd0d39-mocha-2-2-5 mocha@2.2.5
46 silly lockFile b9899f31-mocha mocha@
47 silly lockFile b9899f31-mocha mocha@
48 silly resolved [ { name: 'mocha',
48 silly resolved     version: '2.2.5',
48 silly resolved     description: 'simple, flexible, fun test framework',
48 silly resolved     keywords: [ 'mocha', 'test', 'bdd', 'tdd', 'tap' ],
48 silly resolved     author: { name: 'TJ Holowaychuk', email: 'tj@vision-media.ca' },
48 silly resolved     contributors:
48 silly resolved      [ [Object],
48 silly resolved        [Object],
48 silly resolved        [Object],
48 silly resolved        [Object],
48 silly resolved        [Object],
48 silly resolved        [Object],
48 silly resolved        [Object],
48 silly resolved        [Object] ],
48 silly resolved     license: 'MIT',
48 silly resolved     repository: { type: 'git', url: 'git://github.com/mochajs/mocha.git' },
48 silly resolved     maintainers: [ [Object], [Object], [Object] ],
48 silly resolved     main: './index',
48 silly resolved     browser: './mocha.js',
48 silly resolved     bin: { mocha: './bin/mocha', _mocha: './bin/_mocha' },
48 silly resolved     engines: { node: '>= 0.8.x' },
48 silly resolved     scripts: { test: 'make test-all' },
48 silly resolved     dependencies:
48 silly resolved      { commander: '2.3.0',
48 silly resolved        debug: '2.0.0',
48 silly resolved        diff: '1.4.0',
48 silly resolved        'escape-string-regexp': '1.0.2',
48 silly resolved        glob: '3.2.3',
48 silly resolved        growl: '1.8.1',
48 silly resolved        jade: '0.26.3',
48 silly resolved        mkdirp: '0.5.0',
48 silly resolved        'supports-color': '~1.2.0' },
48 silly resolved     devDependencies: { 'coffee-script': '~1.8.0', should: '~4.0.0' },
48 silly resolved     files:
48 silly resolved      [ 'bin',
48 silly resolved        'images',
48 silly resolved        'lib',
48 silly resolved        'index.js',
48 silly resolved        'mocha.css',
48 silly resolved        'mocha.js',
48 silly resolved        'LICENSE' ],
48 silly resolved     licenses: [ [Object] ],
48 silly resolved     bugs: { url: 'https://github.com/mochajs/mocha/issues' },
48 silly resolved     homepage: 'https://github.com/mochajs/mocha',
48 silly resolved     _id: 'mocha@2.2.5',
48 silly resolved     _shasum: 'd3b72a4fe49ec9439353f1ac893dbc430d993140',
48 silly resolved     _from: 'mocha@',
48 silly resolved     _npmVersion: '1.4.9',
48 silly resolved     _npmUser: { name: 'travisjeffery', email: 'tj@travisjeffery.com' },
48 silly resolved     dist:
48 silly resolved      { shasum: 'd3b72a4fe49ec9439353f1ac893dbc430d993140',
48 silly resolved        tarball: 'http://registry.npmjs.org/mocha/-/mocha-2.2.5.tgz' },
48 silly resolved     directories: {},
48 silly resolved     _resolved: 'https://registry.npmjs.org/mocha/-/mocha-2.2.5.tgz' } ]
49 info install mocha@2.2.5 into /usr/lib
50 info installOne mocha@2.2.5
51 verbose lib/node_modules/mocha unbuild
52 verbose tar unpack /home/niole/.npm/mocha/2.2.5/package.tgz
53 silly lockFile f6860037-tar-usr-lib-node-modules-mocha tar:///usr/lib/node_modules/mocha
54 verbose lock tar:///usr/lib/node_modules/mocha /home/niole/.npm/f6860037-tar-usr-lib-node-modules-mocha.lock
55 silly lockFile 43f1c34a-iole-npm-mocha-2-2-5-package-tgz tar:///home/niole/.npm/mocha/2.2.5/package.tgz
56 verbose lock tar:///home/niole/.npm/mocha/2.2.5/package.tgz /home/niole/.npm/43f1c34a-iole-npm-mocha-2-2-5-package-tgz.lock
57 silly gunzTarPerm modes [ '775', '664' ]
58 error Error: EACCES, mkdir '/usr/lib/node_modules/mocha'
58 error  { [Error: EACCES, mkdir '/usr/lib/node_modules/mocha']
58 error   errno: 3,
58 error   code: 'EACCES',
58 error   path: '/usr/lib/node_modules/mocha',
58 error   fstream_type: 'Directory',
58 error   fstream_path: '/usr/lib/node_modules/mocha',
58 error   fstream_class: 'DirWriter',
58 error   fstream_stack:
58 error    [ '/usr/lib/node_modules/npm/node_modules/fstream/lib/dir-writer.js:36:23',
58 error      '/usr/lib/node_modules/npm/node_modules/mkdirp/index.js:46:53',
58 error      'Object.oncomplete (fs.js:108:15)' ] }
59 error Please try running this command again as root/Administrator.
60 error System Linux 3.13.0-32-generic
61 error command "/usr/bin/node" "/usr/bin/npm" "install" "-g" "mocha"
62 error cwd /home/niole/code/javascript/NewsCharts
63 error node -v v0.10.37
64 error npm -v 1.4.28
65 error path /usr/lib/node_modules/mocha
66 error fstream_path /usr/lib/node_modules/mocha
67 error fstream_type Directory
68 error fstream_class DirWriter
69 error code EACCES
70 error errno 3
71 error stack Error: EACCES, mkdir '/usr/lib/node_modules/mocha'
72 error fstream_stack /usr/lib/node_modules/npm/node_modules/fstream/lib/dir-writer.js:36:23
72 error fstream_stack /usr/lib/node_modules/npm/node_modules/mkdirp/index.js:46:53
72 error fstream_stack Object.oncomplete (fs.js:108:15)
73 verbose exit [ 3, true ]
